[15:51:03] [Render thread/INFO]: Environment: authHost='https://authserver.mojang.com', accountsHost='https://api.mojang.com', sessionHost='https://sessionserver.mojang.com', servicesHost='https://api.minecraftservices.com', name='PROD'
[15:51:04] [Render thread/INFO]: Setting user: Moar15
[15:51:04] [Render thread/INFO]: Backend library: LWJGL version 3.2.2 build 10
[15:51:07] [Render thread/INFO]: Narrator library for x64 successfully loaded
[15:51:07] [Render thread/INFO]: Reloading ResourceManager: Default
[15:51:12] [Render thread/INFO]: OpenAL initialized on device OpenAL Soft on HP w2338h (NVIDIA High Definition Audio)
[15:51:12] [Render thread/INFO]: Sound engine started
[15:51:12] [Render thread/INFO]: Created: 1024x1024x4 minecraft:textures/atlas/blocks.png-atlas
[15:51:12] [Render thread/INFO]: Created: 256x128x4 minecraft:textures/atlas/signs.png-atlas
[15:51:12] [Render thread/INFO]: Created: 1024x512x4 minecraft:textures/atlas/banner_patterns.png-atlas
[15:51:12] [Render thread/INFO]: Created: 1024x512x4 minecraft:textures/atlas/shield_patterns.png-atlas
[15:51:12] [Render thread/INFO]: Created: 256x256x4 minecraft:textures/atlas/chest.png-atlas
[15:51:12] [Render thread/INFO]: Created: 512x256x4 minecraft:textures/atlas/beds.png-atlas
[15:51:12] [Render thread/INFO]: Created: 512x256x4 minecraft:textures/atlas/shulker_boxes.png-atlas
[15:51:13] [Render thread/INFO]: Created: 256x256x0 minecraft:textures/atlas/particles.png-atlas
[15:51:13] [Render thread/INFO]: Created: 256x256x0 minecraft:textures/atlas/paintings.png-atlas
[15:51:13] [Render thread/INFO]: Created: 256x128x0 minecraft:textures/atlas/mob_effects.png-atlas
[15:58:38] [Render thread/ERROR]: Can't ping 174.88.85.18:25565: Timed out
[16:09:56] [Render thread/INFO]: Audio device was lost!
[16:09:56] [Render thread/INFO]: OpenAL initialized on device OpenAL Soft on Speakers (2- Realtek(R) Audio)
[16:09:56] [Render thread/INFO]: Sound engine started
[16:46:08] [Render thread/INFO]: Connecting to 174.88.85.18, 25565
[16:46:09] [Render thread/INFO]: Environment: authHost='https://authserver.mojang.com', accountsHost='https://api.mojang.com', sessionHost='https://sessionserver.mojang.com', servicesHost='https://api.minecraftservices.com', name='PROD'
[16:46:10] [Render thread/INFO]: Loaded 28 advancements
[16:46:26] [Render thread/INFO]: Loaded 29 advancements
[16:47:10] [Render thread/INFO]: Loaded 47 advancements
[16:48:47] [Render thread/INFO]: [CHAT] WomanFunny joined the game
[16:49:06] [Render thread/WARN]: Unable to play empty soundEvent: minecraft:entity.salmon.ambient
[16:49:46] [Render thread/INFO]: Loaded 50 advancements
[16:51:17] [Render thread/INFO]: [CHAT] WomanFunny was slain by Moar15
[16:51:19] [Render thread/INFO]: Loaded 53 advancements
[16:51:21] [Render thread/INFO]: Loaded 60 advancements
[16:51:22] [Render thread/INFO]: Loaded 72 advancements
[16:51:28] [Render thread/INFO]: Loaded 78 advancements
[16:53:08] [Render thread/INFO]: [CHAT] Moar15 was slain by WomanFunny
[16:54:25] [Render thread/INFO]: Loaded 86 advancements
[16:54:45] [Render thread/INFO]: [CHAT] Moar15 has made the advancement [Stone Age]
[16:54:45] [Render thread/INFO]: Loaded 101 advancements
[16:56:15] [Render thread/INFO]: [CHAT] WomanFunny has made the advancement [Stone Age]
[16:57:35] [Render thread/INFO]: Loaded 102 advancements
[16:57:50] [Render thread/INFO]: [CHAT] Moar15 has made the advancement [Getting an Upgrade]
[16:57:51] [Render thread/INFO]: Loaded 106 advancements
[17:00:08] [Render thread/INFO]: [CHAT] WomanFunny has made the advancement [Getting an Upgrade]
[17:00:16] [Render thread/INFO]: Loaded 108 advancements
[17:00:48] [Render thread/INFO]: [CHAT] Moar15 has made the advancement [Monster Hunter]
[17:00:48] [Render thread/INFO]: Loaded 111 advancements
[17:01:19] [Render thread/INFO]: [CHAT] WomanFunny left the game
[17:02:05] [Render thread/INFO]: [CHAT] WomanFunny joined the game
[17:02:09] [Render thread/WARN]: Unable to play empty soundEvent: minecraft:entity.cod.ambient
[17:02:45] [Render thread/INFO]: [CHAT] WomanFunny was shot by Skeleton
[17:16:26] [Render thread/INFO]: Loaded 126 advancements
[17:20:55] [Render thread/INFO]: [CHAT] WomanFunny has made the advancement [Acquire Hardware]
[17:21:47] [Render thread/INFO]: Loaded 126 advancements
[17:26:50] [Render thread/INFO]: [CHAT] WomanFunny left the game
[20:24:01] [Render thread/INFO]: Stopping!
